 Image lms_system-main-service Building 
#1 [internal] load local bake definitions
#1 reading from stdin 589B 0.0s done
#1 DONE 0.0s

#2 [internal] load build definition from Dockerfile
#2 transferring dockerfile: 592B done
#2 DONE 0.0s

#3 [internal] load metadata for docker.io/library/alpine:latest
#3 ...

#4 [internal] load metadata for docker.io/library/golang:1.23-alpine
#4 ERROR: failed to do request: Head "https://mirror.gcr.io/v2/library/golang/manifests/1.23-alpine?ns=docker.io": context deadline exceeded

#3 [internal] load metadata for docker.io/library/alpine:latest
#3 ERROR: failed to do request: Head "https://mirror.gcr.io/v2/library/alpine/manifests/latest?ns=docker.io": context deadline exceeded
------
 > [internal] load metadata for docker.io/library/golang:1.23-alpine:
------
------
 > [internal] load metadata for docker.io/library/alpine:latest:
------
Dockerfile:1

--------------------

   1 | >>> FROM golang:1.23-alpine AS builder

   2 |     

   3 |     WORKDIR /app

--------------------

failed to solve: DeadlineExceeded: golang:1.23-alpine: failed to resolve source metadata for docker.io/library/golang:1.23-alpine: failed to do request: Head "https://mirror.gcr.io/v2/library/golang/manifests/1.23-alpine?ns=docker.io": context deadline exceeded

